<!DOCTYPE html PUBLIC "-//W3C//DTD XHTML 1.0 Strict//EN" "http://www.w3.org/TR/xhtml1/DTD/xhtml1-strict.dtd">
<html xmlns="http://www.w3.org/1999/xhtml">
<head>
<meta http-equiv="Content-Type" content="text/html; charset=gb2312">
<meta id="viewport" name="viewport" content="target-densitydpi=device-dpi,width=640px,user-scalable=yes">
<meta name="renderer" content="webkit" />
<meta http-equiv="X-UA-Compatible" content="IE=9; IE=8; IE=7; IE=EDGE">
<title>认证成功页</title>
<!--Dr.COMWebLoginID_3.htm-->

<script type="text/javascript">
ac0='VTIwMjM0MjQ1Mw==';pwd0='VVNUQjExMDUwMDEz';//////////////////////////////////////////////////////////
Gno=02;UID='U202342453                ';m=0;UL='                                                                                                                                                                                                        ';mcode="FFFF";
url1='http://202.204.48.66:9002/0'    ;
cvid=0,pvid=0;      
v4serip='202.204.48.66'  ;m46=0;v46ip='202.204.62.208'                         ;
gid=2   ,mac1='',mac2='9e261e144a73',mac3='f29087a0e37f',mac4='621a1f380f0c',mac5='6cc36a81e341',mac6='';///////////////////////////
oltime=4294967295;olflow=128548864;lip='202.204.62.208';stime='2025-11-05 14:43:18';etime='2025-11-05 15:06:29';  
NID='邓育玮';                                              ///
olmac='5853c0a43842';////
olmm=2;olm5=0;//20170821新加

</script>
<!-- 基本样式 -->
<link rel="stylesheet" type="text/css" href="b80.css" />
<script>
	var fileVersion="1760953486820";
	/* 基本处理 */
	document.write('<script src="a41.js?version='+fileVersion+'"><\/script>');
</script>
</head>

<body>
</body>
<script type="text/javascript">
	page.run(3);
</script>
</html>
